<?xml version="1.0" encoding="UTF-8"?>
<!-- Generated by org.testng.reporters.JUnitReportReporter -->
<testsuite hostname="Harneets-MBP" failures="0" tests="1" name="com.docker.Setup_DockerGrid" time="5.032" errors="0" timestamp="2024-07-25T13:07:14 EDT" skipped="0">
  <testcase classname="com.docker.Setup_DockerGrid" name="stopDockerGrid" time="5.032"/>
  <system-out/>
</testsuite> <!-- com.docker.Setup_DockerGrid -->
