<?xml version="1.0" encoding="UTF-8"?>
<!-- Generated by org.testng.reporters.JUnitReportReporter -->
<testsuite hostname="Harneets-MacBook-Pro.local" failures="0" tests="1" name="com.docker.FirefoxTest" time="11.578" errors="0" timestamp="2024-08-29T14:37:32 EDT" skipped="0">
  <testcase classname="com.docker.FirefoxTest" name="test2" time="11.578"/>
  <system-out/>
</testsuite> <!-- com.docker.FirefoxTest -->
