<?xml version="1.0" encoding="UTF-8"?>
<!-- Generated by org.testng.reporters.JUnitReportReporter -->
<testsuite hostname="Harneets-MacBook-Pro.local" failures="0" tests="1" name="com.docker.ChromeTest" time="13.522" errors="0" timestamp="2024-08-29T14:32:30 EDT" skipped="0">
  <testcase classname="com.docker.ChromeTest" name="test1" time="13.522"/>
  <system-out/>
</testsuite> <!-- com.docker.ChromeTest -->
